0 info it worked if it ends with ok
1 verbose cli [ '/usr/local/bin/node',
1 verbose cli   '/usr/local/bin/npm',
1 verbose cli   'view',
1 verbose cli   'com.contraterrene.LaunchFile@1.0.0',
1 verbose cli   'version' ]
2 info using npm@3.10.10
3 info using node@v6.9.4
4 silly mapToRegistry name com.contraterrene.LaunchFile
5 silly mapToRegistry using default registry
6 silly mapToRegistry registry https://registry.npmjs.org/
7 silly mapToRegistry data Result {
7 silly mapToRegistry   raw: 'com.contraterrene.LaunchFile',
7 silly mapToRegistry   scope: null,
7 silly mapToRegistry   escapedName: 'com.contraterrene.LaunchFile',
7 silly mapToRegistry   name: 'com.contraterrene.LaunchFile',
7 silly mapToRegistry   rawSpec: '',
7 silly mapToRegistry   spec: 'latest',
7 silly mapToRegistry   type: 'tag' }
8 silly mapToRegistry uri https://registry.npmjs.org/com.contraterrene.LaunchFile
9 verbose request uri https://registry.npmjs.org/com.contraterrene.LaunchFile
10 verbose request no auth needed
11 info attempt registry request try #1 at 2:28:04 PM
12 verbose request id c4cb72ee5d3b2dec
13 http request GET https://registry.npmjs.org/com.contraterrene.LaunchFile
14 http 404 https://registry.npmjs.org/com.contraterrene.LaunchFile
15 verbose headers { 'content-type': 'application/json',
15 verbose headers   'cache-control': 'max-age=0',
15 verbose headers   'content-length': '2',
15 verbose headers   'accept-ranges': 'bytes',
15 verbose headers   date: 'Mon, 16 Oct 2017 12:28:04 GMT',
15 verbose headers   via: '1.1 varnish',
15 verbose headers   age: '0',
15 verbose headers   connection: 'keep-alive',
15 verbose headers   'x-served-by': 'cache-hhn1536-HHN',
15 verbose headers   'x-cache': 'MISS',
15 verbose headers   'x-cache-hits': '0',
15 verbose headers   'x-timer': 'S1508156884.935526,VS0,VE457',
15 verbose headers   vary: 'Accept-Encoding' }
16 silly get cb [ 404,
16 silly get   { 'content-type': 'application/json',
16 silly get     'cache-control': 'max-age=0',
16 silly get     'content-length': '2',
16 silly get     'accept-ranges': 'bytes',
16 silly get     date: 'Mon, 16 Oct 2017 12:28:04 GMT',
16 silly get     via: '1.1 varnish',
16 silly get     age: '0',
16 silly get     connection: 'keep-alive',
16 silly get     'x-served-by': 'cache-hhn1536-HHN',
16 silly get     'x-cache': 'MISS',
16 silly get     'x-cache-hits': '0',
16 silly get     'x-timer': 'S1508156884.935526,VS0,VE457',
16 silly get     vary: 'Accept-Encoding' } ]
17 verbose stack Error: Registry returned 404 for GET on https://registry.npmjs.org/com.contraterrene.LaunchFile
17 verbose stack     at makeError (/usr/local/lib/node_modules/npm/node_modules/npm-registry-client/lib/request.js:302:12)
17 verbose stack     at CachingRegistryClient.<anonymous> (/usr/local/lib/node_modules/npm/node_modules/npm-registry-client/lib/request.js:280:14)
17 verbose stack     at Request._callback (/usr/local/lib/node_modules/npm/node_modules/npm-registry-client/lib/request.js:210:14)
17 verbose stack     at Request.self.callback (/usr/local/lib/node_modules/npm/node_modules/request/request.js:187:22)
17 verbose stack     at emitTwo (events.js:106:13)
17 verbose stack     at Request.emit (events.js:191:7)
17 verbose stack     at Request.<anonymous> (/usr/local/lib/node_modules/npm/node_modules/request/request.js:1048:10)
17 verbose stack     at emitOne (events.js:96:13)
17 verbose stack     at Request.emit (events.js:188:7)
17 verbose stack     at IncomingMessage.<anonymous> (/usr/local/lib/node_modules/npm/node_modules/request/request.js:969:12)
18 verbose statusCode 404
19 verbose pkgid com.contraterrene.LaunchFile
20 verbose cwd /Users/timhill/Documents/Development/Atlas-Copco-iPAD-KIO-Development/APP
21 error Darwin 16.7.0
22 error argv "/usr/local/bin/node" "/usr/local/bin/npm" "view" "com.contraterrene.LaunchFile@1.0.0" "version"
23 error node v6.9.4
24 error npm  v3.10.10
25 error code E404
26 error 404 Registry returned 404 for GET on https://registry.npmjs.org/com.contraterrene.LaunchFile
27 error 404
28 error 404 'com.contraterrene.LaunchFile' is not in the npm registry.
29 error 404 Your package name is not valid, because
30 error 404 1. name can no longer contain capital letters
31 error 404 Note that you can also install from a
32 error 404 tarball, folder, http url, or git url.
33 verbose exit [ 1, true ]
